<?xml version="1.0" encoding="UTF-8"?>
<testsuite xmlns:xsi="http://www.w3.org/2001/XMLSchema-instance" xsi:noNamespaceSchemaLocation="https://maven.apache.org/surefire/maven-surefire-plugin/xsd/surefire-test-report-3.0.xsd" version="3.0" name="TestSuite" time="83.981" tests="21" errors="0" skipped="0" failures="0">
  <properties>
[...]
</properties>
  <testcase name="runScenario[&quot;Dashboard tab verification&quot;, &quot;Optional[Dashboard tab functionality]&quot;](1)" classname="Runners.SmokeRunner" time="26.049">
    <system-out><![CDATA[
@jobtitle
Scenario: Adding new job title as Admin                       # src/test/resources/features/AddNewJobTitle.feature:4

@datatablewithheader
Scenario: Adding multiple employees in a single execution            # src/test/resources/features/AddEmployee.feature:33

@smoke
Scenario: Search employee by id                      # src/test/resources/features/EmployeeSearch.feature:8

@smoke
Scenario: Adding employee from add employee page     # src/test/resources/features/AddEmployee.feature:8

@dashboardtabs
Scenario: Dashboard tab verification                 # src/test/resources/features/Dashboard.feature:6

@smoke
Scenario: Search employee by name                    # src/test/resources/features/EmployeeSearch.feature:14

@example
Scenario Outline: Adding employee from add employee page via feature file # src/test/resources/features/AddEmployee.feature:30

@example
Scenario Outline: Adding employee from add employee page via feature file # src/test/resources/features/AddEmployee.feature:29

@example
Scenario Outline: Adding employee from add employee page via feature file # src/test/resources/features/AddEmployee.feature:28

@smoke
Scenario: Adding employee from add employee page via feature file                # src/test/resources/features/AddEmployee.feature:14
  When user enters valid admin username and password # steps.loginSteps.user_enters_valid_admin_username_and_password()
  And user is logged in with valid admin credentials # steps.EmployeeSearchSteps.user_is_logged_in_with_valid_admin_credentials()
  And user is logged in with valid admin credentials                      # steps.EmployeeSearchSteps.user_is_logged_in_with_valid_admin_credentials()
  And user click on login button                     # steps.loginSteps.user_click_on_login_button()
  And user is logged in with valid admin credentials                      # steps.EmployeeSearchSteps.user_is_logged_in_with_valid_admin_credentials()
  And user is logged in with valid admin credentials # steps.EmployeeSearchSteps.user_is_logged_in_with_valid_admin_credentials()
  Then admin user is successfully logged in          # steps.loginSteps.admin_user_is_successfully_logged_in()
  And user navigates to employee list page           # steps.EmployeeSearchSteps.user_navigates_to_employee_list_page()
[Admin, PIM, Leave, Time, Recruitment, Performance, Dashboard, Directory]
[Admin, PIM, Leave, Time, Recruitment, Performance, Dashboard, Directory]
My test case is passed
  Then verify the following tabs on dashboard        # steps.DashboardSteps.verify_the_following_tabs_on_dashboard(io.cucumber.datatable.DataTable)
  When user enters valid employee id                 # steps.EmployeeSearchSteps.user_enters_valid_employee_id()
  When user is logged in with valid admin credentials         # steps.EmployeeSearchSteps.user_is_logged_in_with_valid_admin_credentials()

    Embedding Dashboard tab verification [image/png 69146 bytes]

]]></system-out>
    <system-err><![CDATA[SLF4J: Failed to load class "org.slf4j.impl.StaticLoggerBinder".
SLF4J: Defaulting to no-operation (NOP) logger implementation
SLF4J: See http://www.slf4j.org/codes.html#StaticLoggerBinder for further details.
Starting ChromeDriver 92.0.4515.107 (87a818b10553a07434ea9e2b6dccf3cbe7895134-refs/branch-heads/4515@{#1634}) on port 15563
Only local connections are allowed.
Please see https://chromedriver.chromium.org/security-considerations for suggestions on keeping ChromeDriver safe.
SSttaarrttiinng Chgr oCmehDrroivmere 9D2.r0.i4515.v1e0r7  9(2.807.a4851185b.11C005h75r o3(m8ae7D0ra78i41384vbee1a9r0e 525wb3a6ads0c 7cs4ft3a3r4ctebedea 79s8ue29cb5c61ed3scs4fc-ufl3lryce.bfs
e/b7r8a9ncS51t3ha-4r-htrieenafgds s/C/bh4rr5ao1nm5ce@h{D-#rh1ie6va3ed4rs} /)94 25o.1n05 .p@4o{r5t#1 153.62120747 3
(4O8n}7l)ay8  1lo8obnc1 a0p5ol5r 3ta c03o76n45n3e47ce2taio
9nOesn2l bya6 drlceco fca3alcll obcweoe7dn.8n9
5eP1lc3e4at-sreie fosse/neb srah tntcaphs-r:h/eea/ dcsah/rl4o5ml1e5do@rw{i#ve1e6dr3.4.c})h
 roPonm lipueomra.tos rge1/ s1esc5ue3rei6 tyh-tc
tonOpsnsidl:eyr/ a/tlcoihocrnaoslm f eocdr orsniugnvgeeesrtci.tocinhso rnoonsm  kiaeuremep i.naogl rClghro/omsweeDercdiu.vreir
t sPyafl-ee.cao
snes isdeeer hattitopnss: /f/ocrh rsoumggeedstriiovners. cohnr okmeieupmi.nogr gC/shercoumreiDtry-icveorns isdaefrea.tio
ns for suggestions on keeping ChromeDriver safe.
Starting ChromeDriver 92.0.4515.107 (87a818b10553a07434ea9e2b6dccf3cbe7895134-refs/branch-heads/4515@{#1634}) on port 8487
Only local connections are allowed.
Please see https://chromedriver.chromium.org/security-considerations for suggestions on keeping ChromeDriver safe.
Starting ChromeDriver 92.0.4515.107 (87a818b10553a07434ea9e2b6dccf3cbe7895134-refs/branch-heads/4515@{#1634}) on port 36856
Only local connections are allowed.
Please see https://chromedriver.chromium.org/security-considerations for suggestions on keeping ChromeDriver safe.
Starting ChromeDriver 92.0.4515.107 (87a818b10553a07434ea9e2b6dccf3cbe7895134-refs/branch-heads/4515@{#1634}) on port 37182
Only local connections are allowed.
Please see https://chromedriver.chromium.org/security-considerations for suggestions on keeping ChromeDriver safe.
ChromeDriver was started successfully.
ChromeDriver was started successfully.
Starting ChromeDriver 92.0.4515.107 (87a818b10553a07434ea9eC2hbr6odmcecDfr3icvbeer7 w8a9s5 1sta3r4t-edr esfusc/cbersasnCfcuhlh-lhryeo.amd
se/D4r51i5v@e{#r1 6w3a4})s  sont aported successfurltl y21.24
5
Only local connections are allowed.
Please see https://chromedriver.chromium.org/security-considerations for suggestions on keeping ChromeDriver safe.
ChromeDriver was started successfully.
Starting ChromeDriver 92.0.4515.107 (87a818b10553a07434ea9e2b6dccf3cbe7895134-refs/branch-heads/451Starting ChromeDriver 92.50@.{4#5116534.}1) 0o7n (87a818b10553a0 7p4o3r4te a498e820b6
dOcnclfy3 clboec7a8l9 5c1on3n4e-crteifosn/sb raarnec h-ahlelaodwse/d4.51
5P@l{e#a1s6Ce3h 4rs}e)oe m oehnDt rtpipovsr:te/ r/1 c7wh1ar3so 
msOendtlrayir vlteoerc.dac lh srcuoocmncineuesmcs.tfoiuorlngls/y s.aerc
eur iatlyl-ocwoends.id
ePrlaetaisoen ss efe ohrt tspusg:g/e/scthiroonmse dorni vkeere.pcihnrgo mCihurmo.morge/Drsievcurity-consideraetiro nssa ffeo.r 
suggestions on keeping ChromeDriver safe.
ChromeDriver was started successfully.
ChromeDriver was started sucCchersosmfeuDlrliyv.er
 was started successfully.
Aug 10, 2021 1:51:44 PM org.openqa.selenium.remote.ProtocolHandshake createSession
INFO: Detected dialect: W3C
Aug 10, 2021 1:51:44 PM org.openqa.selenium.remote.ProtocolHandshake createSession
INFO: Detected dialect: W3C
Aug 10, 2021 1:51:44 PM org.openqa.selenium.remote.ProtocolHandshake createSession
INFO: Detected dialect: W3C
Aug 10, 2021 1:51:44 PM org.openqa.selenium.remote.ProtocolHandshake createSession
INFO: Detected dialect: W3C
Aug 10, 2021 1:51:44 PM org.openqa.selenium.remote.ProtocolHandshake createSession
INFO: Detected dialect: W3C
Aug 10, 2021 1:51:44 PM org.openqa.selenium.remote.ProtocolHandshake createSession
INFO: Detected dialect: W3C
Aug 10, 2021 1:51:44 PM org.openqa.selenium.remote.ProtocolHandshake createSession
INFO: Detected dialect: W3C
Aug 10, 2021 1:51:45 PM org.openqa.selenium.remote.ProtocolHandshake createSession
INFO: Detected dialect: W3C
Aug 10, 2021 1:51:46 PM org.openqa.selenium.remote.ProtocolHandshake createSession
INFO: Detected dialect: W3C
Aug 10, 2021 1:51:47 PM org.openqa.selenium.remote.ProtocolHandshake createSession
INFO: Detected dialect: W3C
]]></system-err>
  </testcase>
  <testcase name="runScenario[&quot;Search employee by name&quot;, &quot;Optional[Employee Search]&quot;](2)" classname="Runners.SmokeRunner" time="4.23">
    <system-out><![CDATA[
@mvn
Scenario: valid admin login                          # src/test/resources/features/Login.feature:4
  And click on search button                         # steps.EmployeeSearchSteps.click_on_search_button()
Employee name is displayed
  Then user see employee information is displayed    # steps.EmployeeSearchSteps.user_see_employee_information_is_displayed()

    Embedding Search employee by name [image/png 67831 bytes]

]]></system-out>
    <system-err><![CDATA[Starting ChromeDriver 92.0.4515.107 (87a818b10553a07434ea9e2b6dccf3cbe7895134-refs/branch-heads/4515@{#1634}) on port 33290
Only local connections are allowed.
Please see https://chromedriver.chromium.org/security-considerations for suggestions on keeping ChromeDriver safe.
ChromeDriver was started successfully.
Aug 10, 2021 1:52:08 PM org.openqa.selenium.remote.ProtocolHandshake createSession
INFO: Detected dialect: W3C
]]></system-err>
  </testcase>
  <testcase name="runScenario[&quot;Adding employee from add employee page&quot;, &quot;Optional[Adding employees]&quot;](3)" classname="Runners.SmokeRunner" time="6.007">
    <system-out><![CDATA[
@simpletag
Scenario: valid ess employee login                 # src/test/resources/features/Login.feature:10
  When user click on PIM option                      # steps.AddEmployeeSteps.user_click_on_pim_option()
  Then user click on Admin button                             # steps.AddNewJobTitleSteps.user_click_on_admin_button()
  And user click on Add employee button              # steps.AddEmployeeSteps.user_click_on_add_employee_button()
  And user enters firstname middlename and lastname  # steps.AddEmployeeSteps.user_enters_firstname_middlename_and_lastname()
  And user is logged in with valid admin credentials # steps.EmployeeSearchSteps.user_is_logged_in_with_valid_admin_credentials()
  And user click on save button option               # steps.AddEmployeeSteps.user_click_on_save_button_option()
Employee Added Successfully
  Then employee added successfully                   # steps.AddEmployeeSteps.employee_added_successfully()

    Embedding Adding employee from add employee page [image/png 114085 bytes]

]]></system-out>
    <system-err><![CDATA[Starting ChromeDriver 92.0.4515.107 (87a818b10553a07434ea9e2b6dccf3cbe7895134-refs/branch-heads/4515@{#1634}) on port 44639
Only local connections are allowed.
Please see https://chromedriver.chromium.org/security-considerations for suggestions on keeping ChromeDriver safe.
ChromeDriver was started successfully.
Aug 10, 2021 1:52:12 PM org.openqa.selenium.remote.ProtocolHandshake createSession
INFO: Detected dialect: W3C
]]></system-err>
  </testcase>
  <testcase name="runScenario[&quot;Adding new job title as Admin&quot;, &quot;Optional[Add New Job Title]&quot;](4)" classname="Runners.SmokeRunner" time="7.559">
    <system-out><![CDATA[
@regression
Scenario: login with valid username and invalid password # src/test/resources/features/Login.feature:16
  When user click on PIM option                                           # steps.AddEmployeeSteps.user_click_on_pim_option()
  And user is logged in with valid admin credentials                 # steps.EmployeeSearchSteps.user_is_logged_in_with_valid_admin_credentials()
  When user click on PIM option                                      # steps.AddEmployeeSteps.user_click_on_pim_option()
  And user click on Add employee button                                   # steps.AddEmployeeSteps.user_click_on_add_employee_button()
  And user enters "Test32320" "MS" and "Test5451" in the application      # steps.AddEmployeeSteps.user_enters_and_in_the_application(java.lang.String,java.lang.String,java.lang.String)
  When user click on PIM option                                           # steps.AddEmployeeSteps.user_click_on_pim_option()
  Then user click on Job title button                         # steps.AddNewJobTitleSteps.user_click_on_job_title_button()
  And user click on Add employee button                              # steps.AddEmployeeSteps.user_click_on_add_employee_button()
John0404 MS US
  And user is logged in with valid admin credentials                      # steps.EmployeeSearchSteps.user_is_logged_in_with_valid_admin_credentials()
  And user is logged in with valid admin credentials                             # steps.EmployeeSearchSteps.user_is_logged_in_with_valid_admin_credentials()
  When user enters valid admin username and password # steps.loginSteps.user_enters_valid_admin_username_and_password()
  And user click on Add button                                # steps.AddNewJobTitleSteps.user_click_on_add_button()
  When user add job title, job description, note              # steps.AddNewJobTitleSteps.user_add_job_title_job_description_note()
  Then user clicks on save button                             # steps.AddNewJobTitleSteps.user_clicks_on_save_button()
  Then enter query into HRMS database                         # steps.DbSteps.enter_query_into_hrms_database()
Frontend
New Job Title: Data Analyst
New Job Description: Collection data and analysing collected data
New Job Note: Check if data was added
Backend
New Job Title: Data Analyst
New Job Description: Collection data and analysing collected data
New Job Note: Check if data was added
  And checks if information added from front end and back end # steps.AddNewJobTitleSteps.checks_if_information_added_from_front_end_and_back_end()
  And user navigates to employee list page           # steps.EmployeeSearchSteps.user_navigates_to_employee_list_page()

    Embedding Adding new job title as Admin [image/png 65677 bytes]

  When user enters valid employee id                 # steps.EmployeeSearchSteps.user_enters_valid_employee_id()
]]></system-out>
    <system-err><![CDATA[Starting ChromeDriver 92.0.4515.107 (87a818b10553a07434ea9e2b6dccf3cbe7895134-refs/branch-heads/4515@{#1634}) on port 15211
Only local connections are allowed.
Please see https://chromedriver.chromium.org/security-considerations for suggestions on keeping ChromeDriver safe.
ChromeDriver was started successfully.
Aug 10, 2021 1:52:18 PM org.openqa.selenium.remote.ProtocolHandshake createSession
INFO: Detected dialect: W3C
]]></system-err>
  </testcase>
  <testcase name="runScenario[&quot;Search employee by id&quot;, &quot;Optional[Employee Search]&quot;](5)" classname="Runners.SmokeRunner" time="6.01">
    <system-out><![CDATA[
@example
Scenario Outline: login with multiple data   # src/test/resources/features/Login.feature:29
  And user click on Add employee button                                   # steps.AddEmployeeSteps.user_click_on_add_employee_button()
  And user enters "Test12125" "MS" and "Test7655" in the application      # steps.AddEmployeeSteps.user_enters_and_in_the_application(java.lang.String,java.lang.String,java.lang.String)
  And click on search button                         # steps.EmployeeSearchSteps.click_on_search_button()
Employee name is displayed
  Then user see employee information is displayed    # steps.EmployeeSearchSteps.user_see_employee_information_is_displayed()

    Embedding Search employee by id [image/png 67831 bytes]

]]></system-out>
    <system-err><![CDATA[Starting ChromeDriver 92.0.4515.107 (87a818b10553a07434ea9e2b6dccf3cbe7895134-refs/branch-heads/4515@{#1634}) on port 17399
Only local connections are allowed.
Please see https://chromedriver.chromium.org/security-considerations for suggestions on keeping ChromeDriver safe.
ChromeDriver was started successfully.
Aug 10, 2021 1:52:25 PM org.openqa.selenium.remote.ProtocolHandshake createSession
INFO: Detected dialect: W3C
]]></system-err>
  </testcase>
  <testcase name="runScenario[&quot;valid admin login&quot;, &quot;Optional[Login]&quot;](6)" classname="Runners.SmokeRunner" time="2.154">
    <system-out><![CDATA[
@example
Scenario Outline: login with multiple data                # src/test/resources/features/Login.feature:30
  And user click on login button                     # steps.loginSteps.user_click_on_login_button()
  Then admin user is successfully logged in          # steps.loginSteps.admin_user_is_successfully_logged_in()
  When user enters valid ess username and password # steps.loginSteps.user_enters_valid_ess_username_and_password()

    Embedding valid admin login [image/png 55278 bytes]

  When user click on PIM option                                                  # steps.AddEmployeeSteps.user_click_on_pim_option()
  And user click on save button option                                    # steps.AddEmployeeSteps.user_click_on_save_button_option()
Employee Added Successfully
  Then employee added successfully                                        # steps.AddEmployeeSteps.employee_added_successfully()
Jack MS US
]]></system-out>
    <system-err><![CDATA[Starting ChromeDriver 92.0.4515.107 (87a818b10553a07434ea9e2b6dccf3cbe7895134-refs/branch-heads/4515@{#1634}) on port 27771
Only local connections are allowed.
Please see https://chromedriver.chromium.org/security-considerations for suggestions on keeping ChromeDriver safe.
ChromeDriver was started successfully.
Aug 10, 2021 1:52:32 PM org.openqa.selenium.remote.ProtocolHandshake createSession
INFO: Detected dialect: W3C
]]></system-err>
  </testcase>
  <testcase name="runScenario[&quot;Adding employee from add employee page via feature file&quot;, &quot;Optional[Adding employees]&quot;](7)" classname="Runners.SmokeRunner" time="0.752">
    <system-out><![CDATA[
@error
Scenario: Login with valid username and invalid password                    # src/test/resources/features/Login.feature:33

    Embedding Adding employee from add employee page via feature file [image/png 115641 bytes]

  And user click on Add employee button                                          # steps.AddEmployeeSteps.user_click_on_add_employee_button()
  When user enters valid username and invalid password   # steps.loginSteps.user_enters_valid_username_and_invalid_password()
  And user enters first name "Yulia123" middle name "MS" and lastname "Yulia456" # steps.AddEmployeeSteps.user_enters_first_name_middle_name_and_lastname(java.lang.String,java.lang.String,java.lang.String)
]]></system-out>
    <system-err><![CDATA[Starting ChromeDriver 92.0.4515.107 (87a818b10553a07434ea9e2b6dccf3cbe7895134-refs/branch-heads/4515@{#1634}) on port 34177
Only local connections are allowed.
Please see https://chromedriver.chromium.org/security-considerations for suggestions on keeping ChromeDriver safe.
ChromeDriver was started successfully.
]]></system-err>
  </testcase>
  <testcase name="runScenario[&quot;login with valid username and invalid password&quot;, &quot;Optional[Login]&quot;](8)" classname="Runners.SmokeRunner" time="2.265">
    <system-out><![CDATA[
@errorvalidation
Scenario Outline: Login with multiple username and password combinations                                        # src/test/resources/features/Login.feature:44
  And user click on login button                         # steps.loginSteps.user_click_on_login_button()
Error message is displayed
  Then user see invalid credentials text on login page   # steps.loginSteps.user_see_invalid_credentials_text_on_login_page()
  And user click on save button option                                           # steps.AddEmployeeSteps.user_click_on_save_button_option()
Employee Added Successfully
  Then employee added successfully                                               # steps.AddEmployeeSteps.employee_added_successfully()

    Embedding login with valid username and invalid password [image/png 83730 bytes]


    Embedding Adding employee from add employee page via feature file [image/png 64282 bytes]

  When user click on PIM option                                           # steps.AddEmployeeSteps.user_click_on_pim_option()
  And user click on save button option                                    # steps.AddEmployeeSteps.user_click_on_save_button_option()
Employee Added Successfully
  Then employee added successfully                                        # steps.AddEmployeeSteps.employee_added_successfully()
  And user click on login button                   # steps.loginSteps.user_click_on_login_button()
  Then ess user is successfully logged in          # steps.loginSteps.ess_user_is_successfully_logged_in()
]]></system-out>
    <system-err><![CDATA[Starting ChromeDriver 92.0.4515.107 (87a818b10553a07434ea9e2b6dccf3cbe7895134-refs/branch-heads/4515@{#1634}) on port 35380
Only local connections are allowed.
Please see https://chromedriver.chromium.org/security-considerations for suggestions on keeping ChromeDriver safe.
ChromeDriver was started successfully.
Aug 10, 2021 1:52:34 PM org.openqa.selenium.remote.ProtocolHandshake createSession
INFO: Detected dialect: W3C
Aug 10, 2021 1:52:35 PM org.openqa.selenium.remote.ProtocolHandshake createSession
INFO: Detected dialect: W3C
]]></system-err>
  </testcase>
  <testcase name="runScenario[&quot;Adding employee from add employee page via feature file&quot;, &quot;Optional[Adding employees]&quot;](9)" classname="Runners.SmokeRunner" time="0.112">
    <system-out><![CDATA[
@errorvalidation
Scenario Outline: Login with multiple username and password combinations                                          # src/test/resources/features/Login.feature:45
]]></system-out>
    <system-err><![CDATA[Starting ChromeDriver 92.0.4515.107 (87a818b10553a07434ea9e2b6dccf3cbe7895134-refs/branch-heads/4515@{#1634}) on port 14073
Only local connections are allowed.
Please see https://chromedriver.chromium.org/security-considerations for suggestions on keeping ChromeDriver safe.
ChromeDriver was started successfully.
]]></system-err>
  </testcase>
  <testcase name="runScenario[&quot;Adding employee from add employee page via feature file&quot;, &quot;Optional[Adding employees]&quot;](10)" classname="Runners.SmokeRunner" time="0.959">
    <system-out><![CDATA[
@errorvalidation
Scenario Outline: Login with multiple username and password combinations                                   # src/test/resources/features/Login.feature:46
  When user enters "Admin" and "Hum@nhrm123" # steps.loginSteps.user_enters_and(java.lang.String,java.lang.String)
  And user click on Add employee button                                   # steps.AddEmployeeSteps.user_click_on_add_employee_button()

    Embedding Adding employee from add employee page via feature file [image/png 115620 bytes]


    Embedding valid ess employee login [image/png 50808 bytes]

  And user enters "Test12347" "MS" and "Test9879" in the application      # steps.AddEmployeeSteps.user_enters_and_in_the_application(java.lang.String,java.lang.String,java.lang.String)
Admin Human Invalid credentials
]]></system-out>
    <system-err><![CDATA[Starting ChromeDriver 92.0.4515.107 (87a818b10553a07434ea9e2b6dccf3cbe7895134-refs/branch-heads/4515@{#1634}) on port 10335
Only local connections are allowed.
Please see https://chromedriver.chromium.org/security-considerations for suggestions on keeping ChromeDriver safe.
ChromeDriver was started successfully.
]]></system-err>
  </testcase>
  <testcase name="runScenario[&quot;valid ess employee login&quot;, &quot;Optional[Login]&quot;](11)" classname="Runners.SmokeRunner" time="0.231">
    <system-out><![CDATA[
@errorvalidation
Scenario Outline: Login with multiple username and password combinations                                        # src/test/resources/features/Login.feature:47
  When user enters "william1236000000" and "Syntax12!!!!" # steps.loginSteps.user_enters_and(java.lang.String,java.lang.String)
]]></system-out>
    <system-err><![CDATA[Starting ChromeDriver 92.0.4515.107 (87a818b10553a07434ea9e2b6dccf3cbe7895134-refs/branch-heads/4515@{#1634}) on port 47444
Only local connections are allowed.
Please see https://chromedriver.chromium.org/security-considerations for suggestions on keeping ChromeDriver safe.
ChromeDriver was started successfully.
]]></system-err>
  </testcase>
  <testcase name="runScenario[&quot;login with multiple data&quot;, &quot;Optional[Login]&quot;](12)" classname="Runners.SmokeRunner" time="4.357">
    <system-out><![CDATA[
@modifyemployee
Scenario: Select employee from employee list and modify personal details # src/test/resources/features/ModifyDetailsOfTheEmployee.feature:4
  And user click on login button             # steps.loginSteps.user_click_on_login_button()
working fine
  And "Admin" is successfully logged in      # steps.loginSteps.is_successfully_logged_in(java.lang.String)
My test case is passed
william1236000000 Syntax Invalid credentials
  When user enters different "Admin" and "Syntax123!" and verify the "Invalid credentials" for all combinations # steps.loginSteps.user_enters_different_and_and_verify_the_for_all_combinations(java.lang.String,java.lang.String,java.lang.String)

    Embedding login with multiple data [image/png 69159 bytes]


    Embedding Login with multiple username and password combinations [image/png 83730 bytes]

  And user click on login button                          # steps.loginSteps.user_click_on_login_button()
working fine
  And "William" is successfully logged in                 # steps.loginSteps.is_successfully_logged_in(java.lang.String)
]]></system-out>
    <system-err><![CDATA[Starting ChromeDriver 92.0.4515.107 (87a818b10553a07434ea9e2b6dccf3cbe7895134-refs/branch-heads/4515@{#1634}) on port 12744
Only local connections are allowed.
Please see https://chromedriver.chromium.org/security-considerations for suggestions on keeping ChromeDriver safe.
ChromeDriver was started successfully.
Aug 10, 2021 1:52:37 PM org.openqa.selenium.remote.ProtocolHandshake createSession
INFO: Detected dialect: W3C
Aug 10, 2021 1:52:37 PM org.openqa.selenium.remote.ProtocolHandshake createSession
INFO: Detected dialect: W3C
Aug 10, 2021 1:52:38 PM org.openqa.selenium.remote.ProtocolHandshake createSession
INFO: Detected dialect: W3C
Aug 10, 2021 1:52:38 PM org.openqa.selenium.remote.ProtocolHandshake createSession
INFO: Detected dialect: W3C
]]></system-err>
  </testcase>
  <testcase name="runScenario[&quot;Login with multiple username and password combinations&quot;, &quot;Optional[Login]&quot;](13)" classname="Runners.SmokeRunner" time="4.416"/>
  <testcase name="runScenario[&quot;login with multiple data&quot;, &quot;Optional[Login]&quot;](14)" classname="Runners.SmokeRunner" time="5.077">
    <system-out><![CDATA[
    Embedding login with multiple data [image/png 50911 bytes]

My test case is passed
  When user enters valid username and invalid password and verify the error # steps.loginSteps.user_enters_valid_username_and_invalid_password_and_verify_the_error(io.cucumber.datatable.DataTable)
  And user click on save button option                                    # steps.AddEmployeeSteps.user_click_on_save_button_option()
Employee Added Successfully
  Then employee added successfully                                        # steps.AddEmployeeSteps.employee_added_successfully()

    Embedding Login with valid username and invalid password [image/png 83730 bytes]

]]></system-out>
  </testcase>
  <testcase name="runScenario[&quot;Login with valid username and invalid password&quot;, &quot;Optional[Login]&quot;](15)" classname="Runners.SmokeRunner" time="5.643">
    <system-out><![CDATA[
    Embedding Adding employee from add employee page via feature file [image/png 115726 bytes]

  When user enters different "James" and "" and verify the "Password cannot be empty" for all combinations # steps.loginSteps.user_enters_different_and_and_verify_the_for_all_combinations(java.lang.String,java.lang.String,java.lang.String)
  When user enters different "" and "Syntax123!" and verify the "Username cannot be empty" for all combinations # steps.loginSteps.user_enters_different_and_and_verify_the_for_all_combinations(java.lang.String,java.lang.String,java.lang.String)
]]></system-out>
  </testcase>
  <testcase name="runScenario[&quot;Adding employee from add employee page via feature file&quot;, &quot;Optional[Adding employees]&quot;](16)" classname="Runners.SmokeRunner" time="5.912">
    <system-out><![CDATA[  When user enters different "abd77" and "Hum@nhrm123!" and verify the "Invalid credentials" for all combinations # steps.loginSteps.user_enters_different_and_and_verify_the_for_all_combinations(java.lang.String,java.lang.String,java.lang.String)
]]></system-out>
  </testcase>
  <testcase name="runScenario[&quot;Login with multiple username and password combinations&quot;, &quot;Optional[Login]&quot;](17)" classname="Runners.SmokeRunner" time="6.561">
    <system-out><![CDATA[
    Embedding Login with multiple username and password combinations [image/png 83162 bytes]


    Embedding Login with multiple username and password combinations [image/png 82710 bytes]


    Embedding Login with multiple username and password combinations [image/png 83730 bytes]

]]></system-out>
  </testcase>
  <testcase name="runScenario[&quot;Login with multiple username and password combinations&quot;, &quot;Optional[Login]&quot;](18)" classname="Runners.SmokeRunner" time="6.623"/>
  <testcase name="runScenario[&quot;Login with multiple username and password combinations&quot;, &quot;Optional[Login]&quot;](19)" classname="Runners.SmokeRunner" time="6.717"/>
  <testcase name="runScenario[&quot;Adding multiple employees in a single execution&quot;, &quot;Optional[Adding employees]&quot;](20)" classname="Runners.SmokeRunner" time="19.99">
    <system-out><![CDATA[MS0909 MS US
  And user is logged in with valid admin credentials                     # steps.EmployeeSearchSteps.user_is_logged_in_with_valid_admin_credentials()
  And user navigates to employee list page                               # steps.EmployeeSearchSteps.user_navigates_to_employee_list_page()
  When user enter employee first name "Ievgenii"                         # steps.ModifyEmployeeTest.user_enter_employee_first_name(java.lang.String)
  When add multiple employees and verify they are added successfully # steps.AddEmployeeSteps.add_multiple_employees_and_verify_they_are_added_successfully(io.cucumber.datatable.DataTable)

    Embedding Adding multiple employees in a single execution [image/png 60842 bytes]

  And click on search button                                             # steps.EmployeeSearchSteps.click_on_search_button()
19320A Ievgenii Mirko Crocop Engeneer Employeed
]]></system-out>
  </testcase>
  <testcase name="runScenario[&quot;Select employee from employee list and modify personal details&quot;, &quot;Optional[Modify Employee]&quot;](21)" classname="Runners.SmokeRunner" time="26.443">
    <system-out><![CDATA[  And user click on employee name from the employee list "Ievgenii"      # steps.ModifyEmployeeTest.user_click_on_employee_name_from_the_employee_list(java.lang.String)
  When user click on edit button                                         # steps.ModifyEmployeeTest.user_click_on_edit_button()
  And user change first name to "Ievgenii"                               # steps.ModifyEmployeeTest.user_change_first_name_to(java.lang.String)
  And user enters license expiration date                                # steps.ModifyEmployeeTest.user_enters_license_expiration_date()
  Then user click on save button                                         # steps.ModifyEmployeeTest.user_click_on_save_button()
Test Passed
  Then user verifies that employee name was changed                      # steps.ModifyEmployeeTest.user_verifies_that_employee_name_was_changed()

    Embedding Select employee from employee list and modify personal details [image/png 118856 bytes]

]]></system-out>
  </testcase>
</testsuite>